<?xml version="1.0" encoding="UTF-8"?>
<testng-results ignored="0" total="2" passed="2" failed="0" skipped="0">
  <reporter-output>
  </reporter-output>
  <suite started-at="2022-08-10T07:31:42 IST" name="Suite" finished-at="2022-08-10T07:31:52 IST" duration-ms="10197">
    <groups>
    </groups>
    <test started-at="2022-08-10T07:31:42 IST" name="Test" finished-at="2022-08-10T07:31:52 IST" duration-ms="10197">
      <class name="test.LoginTest">
        <test-method is-config="true" signature="SetUp(java.lang.reflect.Method)[pri:0, instance:test.LoginTest@615091b8]" started-at="2022-08-10T07:31:42 IST" name="SetUp" finished-at="2022-08-10T07:31:46 IST" duration-ms="3391" status="PASS">
          <params>
            <param index="0">
              <value>
                <![CDATA[public void test.LoginTest.LoginFailure()]]>
              </value>
            </param>
          </params>
          <reporter-output>
          </reporter-output>
        </test-method> <!-- SetUp -->
        <test-method signature="LoginFailure()[pri:0, instance:test.LoginTest@615091b8]" started-at="2022-08-10T07:31:46 IST" name="LoginFailure" finished-at="2022-08-10T07:31:47 IST" duration-ms="1205" status="PASS">
          <reporter-output>
          </reporter-output>
        </test-method> <!-- LoginFailure -->
        <test-method is-config="true" signature="TearDown()[pri:0, instance:test.LoginTest@615091b8]" started-at="2022-08-10T07:31:47 IST" name="TearDown" finished-at="2022-08-10T07:31:47 IST" duration-ms="99" status="PASS">
          <reporter-output>
          </reporter-output>
        </test-method> <!-- TearDown -->
        <test-method is-config="true" signature="SetUp(java.lang.reflect.Method)[pri:0, instance:test.LoginTest@615091b8]" started-at="2022-08-10T07:31:47 IST" name="SetUp" finished-at="2022-08-10T07:31:49 IST" duration-ms="2115" status="PASS">
          <params>
            <param index="0">
              <value>
                <![CDATA[public void test.LoginTest.SuccessfulLogin()]]>
              </value>
            </param>
          </params>
          <reporter-output>
          </reporter-output>
        </test-method> <!-- SetUp -->
        <test-method signature="SuccessfulLogin()[pri:0, instance:test.LoginTest@615091b8]" started-at="2022-08-10T07:31:49 IST" name="SuccessfulLogin" finished-at="2022-08-10T07:31:52 IST" duration-ms="3232" status="PASS">
          <reporter-output>
          </reporter-output>
        </test-method> <!-- SuccessfulLogin -->
        <test-method is-config="true" signature="TearDown()[pri:0, instance:test.LoginTest@615091b8]" started-at="2022-08-10T07:31:52 IST" name="TearDown" finished-at="2022-08-10T07:31:52 IST" duration-ms="125" status="PASS">
          <reporter-output>
          </reporter-output>
        </test-method> <!-- TearDown -->
      </class> <!-- test.LoginTest -->
    </test> <!-- Test -->
  </suite> <!-- Suite -->
</testng-results>
